C51 COMPILER V9.02   BUTTON                                                                06/09/2018 16:51:22 PAGE 1   


C51 COMPILER V9.02, COMPILATION OF MODULE BUTTON
OBJECT MODULE PLACED IN .\output\button.obj
COMPILER INVOKED BY: d:\Program Files\Keil_v5\C51\BIN\C51.EXE ..\main\button.c OPTIMIZE(8,SPEED) BROWSE INCDIR(..\main) 
                    -DEBUG OBJECTEXTEND PRINT(.\lis\button.lst) PREPRINT(.\lis\button.i) OBJECT(.\output\button.obj)

line level    source

   1          #include "button.h"
   2          #include "STC89C5XRC.h"
   3          #include <intrins.h>
   4          
   5          typedef unsigned char uint8_t;
   6          typedef unsigned int  uint16_t;
   7          
   8          
   9          
  10          /*
  11          bit 0-1 00 无按键 01 短按 10双击 11长按 
  12          bit 2-3 加
  13          bit 4-5 减
  14          bit 6  保留
  15          bit 7  
  16          */
  17          uint8_t button_status_bit = 0;
  18          
  19          /*
  20          20ms 扫描一次
  21          */
  22          void button_scanning()
  23          {
  24   1              static uint8_t key_buf[3] = {0xff,0xff,0xff};
  25   1              static uint8_t button_out_backup = 0,keep_time = 0;
  26   1              uint8_t i,button_out = 0;
  27   1      
  28   1              key_buf[0] = (key_buf[0]<<1)|Button_SET;
  29   1              key_buf[1] = (key_buf[1]<<1)|Button_PLUSE;
  30   1              key_buf[2] = (key_buf[2]<<1)|Button_MINUS;
  31   1              
  32   1              for(i = 0; i < 3; i++)
  33   1              {
  34   2                      if((key_buf[i] & 0x0f) == 0x00)
  35   2                      {
  36   3                              button_out &= ~(0x03 << (i*2));
  37   3                              button_out |= (S_key << (i*2)); 
  38   3                      }
  39   2                      else 
  40   2                      {
  41   3                              button_out &= ~(0x03 << (i*2));                 
  42   3                      }
  43   2              }
  44   1      
  45   1              if(button_out_backup != button_out)
  46   1              {
  47   2                      if(button_out_backup != 0)
  48   2                      {
  49   3                              button_status_bit = button_out_backup;                  
  50   3      //                      if((free_time & 0x80) && ((free_time & 0x7f) < 25))
  51   3      //                      {
  52   3      //                              for(i = 0; i < 3; i++)
  53   3      //                              {
  54   3      //                                      if(button_out_backup & (S_key << (i*2)))
C51 COMPILER V9.02   BUTTON                                                                06/09/2018 16:51:22 PAGE 2   

  55   3      //                                      {
  56   3      //                                              button_status_bit &= ~(0x03 << (i*2));
  57   3      //                                              button_status_bit |= (D_key << (i*2));
  58   3      //                                      }                                       
  59   3      //                              }
  60   3      //                      }
  61   3      //                      free_time = 0x80;
  62   3                      }
  63   2                      button_out_backup = button_out;
  64   2              }
  65   1              else if(button_out_backup != 0)
  66   1              {
  67   2                      if(keep_time >= 25)
  68   2                      {
  69   3                              for(i = 0; i < 3; i++)
  70   3                              {
  71   4                                      if(button_out_backup & (S_key << (i*2)))
  72   4                                      {
  73   5                                              button_status_bit &= ~(0x03 << (i*2));
  74   5                                              button_status_bit |= (L_key << (i*2));
  75   5                                      }                                       
  76   4                              }
  77   3                              keep_time = 23;
  78   3                      }
  79   2                      keep_time++;
  80   2              }
  81   1              else 
  82   1              {
  83   2      //              if(free_time & 0x80)
  84   2      //              {
  85   2      //                      free_time ++;
  86   2      //                      if(free_time > (25+0x80))
  87   2      //                      {
  88   2      //                              free_time = 0;
  89   2      //                      }
  90   2      //              }
  91   2                      keep_time = 0;
  92   2              }
  93   1      }


MODULE INFORMATION:   STATIC OVERLAYABLE
   CODE SIZE        =    189    ----
   CONSTANT SIZE    =   ----    ----
   XDATA SIZE       =   ----    ----
   PDATA SIZE       =   ----    ----
   DATA SIZE        =      6    ----
   IDATA SIZE       =   ----    ----
   BIT SIZE         =   ----    ----
END OF MODULE INFORMATION.


C51 COMPILATION COMPLETE.  0 WARNING(S),  0 ERROR(S)
