C51 COMPILER V9.02   DS18B20                                                               06/09/2018 16:51:22 PAGE 1   


C51 COMPILER V9.02, COMPILATION OF MODULE DS18B20
OBJECT MODULE PLACED IN .\output\ds18b20.obj
COMPILER INVOKED BY: d:\Program Files\Keil_v5\C51\BIN\C51.EXE ..\main\ds18b20.c OPTIMIZE(8,SPEED) BROWSE INCDIR(..\main)
                    - DEBUG OBJECTEXTEND PRINT(.\lis\ds18b20.lst) PREPRINT(.\lis\ds18b20.i) OBJECT(.\output\ds18b20.obj)

line level    source

   1          #include "ds18b20.h"
   2          
   3          sbit DS18B20_DQ=P0^2;
   4          void Delay10us(unsigned char us)
   5          {
   6   1              unsigned char i=0;
   7   1              do{
   8   2                      i = 4;
   9   2                      while(--i);
  10   2              }while(--us);
  11   1      }
  12          void DS18B20Init()
  13          {
  14   1              DS18B20_DQ=1;
  15   1              DS18B20_DQ=0;
  16   1              Delay10us(50);
  17   1              DS18B20_DQ=1;
  18   1              Delay10us(7);
  19   1              while(!DS18B20_DQ);             
  20   1      }
  21          void DS18B20WriteByte(unsigned char dat)
  22          {
  23   1              unsigned char i;
  24   1              EA=0;
  25   1              for(i=0;i<8;i++)
  26   1              {
  27   2                      DS18B20_DQ=0;
  28   2                      DS18B20_DQ=dat&0x01;
  29   2                      Delay10us(6);
  30   2                      DS18B20_DQ=1;
  31   2                      dat>>=1;
  32   2              }
  33   1              EA=1;
  34   1      }
  35          unsigned char DS18B20ReadByte()
  36          {
  37   1              unsigned char i,dat=0x00;
  38   1              EA=0;
  39   1              for(i=0;i<8;i++)
  40   1              {
  41   2                      DS18B20_DQ=0;
  42   2                      dat>>=1;
  43   2                      DS18B20_DQ=1;
  44   2                      Delay10us(2);
  45   2                      if(DS18B20_DQ)
  46   2                              dat|=0x80;              
  47   2                      Delay10us(4);
  48   2              }
  49   1              EA=1;
  50   1              return dat;
  51   1      }
  52          
  53          int DS18B20Read_Dat()
  54          {
C51 COMPILER V9.02   DS18B20                                                               06/09/2018 16:51:22 PAGE 2   

  55   1              static int temp;
  56   1              unsigned char High,Low;
  57   1              static bit read_flag = 0;
  58   1              
  59   1              DS18B20Init();
  60   1              DS18B20WriteByte(0xcc);
  61   1              
  62   1              if(!read_flag)
  63   1              {
  64   2                      DS18B20WriteByte(0x44);         
  65   2              }
  66   1              else
  67   1              {
  68   2                      DS18B20WriteByte(0xbe);
  69   2                      Low=DS18B20ReadByte();
  70   2                      High=DS18B20ReadByte(); 
  71   2                      
  72   2                      temp = High <<8;
  73   2                      temp |= Low;
  74   2              }
  75   1              read_flag = ~read_flag;
  76   1              return temp;
  77   1      }


MODULE INFORMATION:   STATIC OVERLAYABLE
   CODE SIZE        =    145    ----
   CONSTANT SIZE    =   ----    ----
   XDATA SIZE       =   ----    ----
   PDATA SIZE       =   ----    ----
   DATA SIZE        =      2    ----
   IDATA SIZE       =   ----    ----
   BIT SIZE         =      1    ----
END OF MODULE INFORMATION.


C51 COMPILATION COMPLETE.  0 WARNING(S),  0 ERROR(S)
