C51 COMPILER V9.02   IIC                                                                   01/03/2018 22:54:43 PAGE 1   


C51 COMPILER V9.02, COMPILATION OF MODULE IIC
OBJECT MODULE PLACED IN .\output\iic.obj
COMPILER INVOKED BY: D:\Program Files\Keil4_C51MDK\C51\BIN\C51.EXE ..\main\iic.c BROWSE DEBUG OBJECTEXTEND PRINT(.\lis\i
                    -ic.lst) OBJECT(.\output\iic.obj)

line level    source

   1          #include <STC89C5XRC.h>
   2          #include <intrins.h>
   3          #include "iic.h"
   4          sbit scl=P2^0;
   5          sbit sda=P2^1;
   6          void Snop()
   7          {
   8   1              _nop_();
   9   1              _nop_();
  10   1              _nop_();
  11   1              _nop_();
  12   1              _nop_();
  13   1              _nop_();
  14   1              _nop_();
  15   1              _nop_();
  16   1              _nop_();
  17   1      }
  18          void iic_start()
  19          {
  20   1              scl=0;
  21   1              sda=1;
  22   1              scl=1;
  23   1              Snop();
  24   1              sda=0;
  25   1              Snop();
  26   1              scl=0;
  27   1      }
  28          void iic_stop()
  29          {
  30   1              sda=0;
  31   1              scl=1;
  32   1              Snop();
  33   1              sda=1;
  34   1              Snop();
  35   1              scl=0;
  36   1      }
  37          bit iic_ack()
  38          {
  39   1              bit ack;
  40   1              sda=1;
  41   1              scl=1;
  42   1              Snop();
  43   1              if(sda==0)
  44   1              ack=1;
  45   1              scl=0;
  46   1              return ack;
  47   1      }
  48          void iic_sendack(bit ack)
  49          {
  50   1              
  51   1              sda=ack;
  52   1              scl=1;
  53   1              Snop();
  54   1              scl=0;
C51 COMPILER V9.02   IIC                                                                   01/03/2018 22:54:43 PAGE 2   

  55   1              Snop();
  56   1      }
  57          void iic_writebyte(unsigned char dat)
  58          {
  59   1              unsigned char i;
  60   1              for(i=0;i<8;i++)
  61   1              {
  62   2                      sda=dat&0x80;
  63   2                      scl=1;
  64   2                      Snop();
  65   2                      scl=0;
  66   2                      dat<<=1;
  67   2              }
  68   1      }
  69          unsigned char iic_readbyte()
  70          {
  71   1              unsigned char i,dat;
  72   1              for(i=0;i<8;i++)
  73   1              {
  74   2                      Snop();
  75   2                      dat<<=1;
  76   2                      scl=1;
  77   2                      if(sda)
  78   2                      dat|=0x01;
  79   2                      scl=0;                          
  80   2              }
  81   1              return dat;
  82   1      }
  83          
  84          
  85          


MODULE INFORMATION:   STATIC OVERLAYABLE
   CODE SIZE        =    119    ----
   CONSTANT SIZE    =   ----    ----
   XDATA SIZE       =   ----    ----
   PDATA SIZE       =   ----    ----
   DATA SIZE        =   ----    ----
   IDATA SIZE       =   ----    ----
   BIT SIZE         =   ----       2
END OF MODULE INFORMATION.


C51 COMPILATION COMPLETE.  0 WARNING(S),  0 ERROR(S)
